Flow report for top_processor
Wed Jun 19 02:44:31 2019
Quartus Prime Version 18.1.0 Build 625 09/12/2018 SJ Lite Edition


---------------------
; Table of Contents ;
---------------------
  1. Legal Notice
  2. Flow Summary
  3. Flow Settings
  4. Flow Non-Default Global Settings
  5. Flow Elapsed Time
  6. Flow OS Summary
  7. Flow Log
  8. Flow Messages
  9. Flow Suppressed Messages



----------------
; Legal Notice ;
----------------
Copyright (C) 2018  Intel Corporation. All rights reserved.
Your use of Intel Corporation's design tools, logic functions 
and other software and tools, and its AMPP partner logic 
functions, and any output files from any of the foregoing 
(including device programming or simulation files), and any 
associated documentation or information are expressly subject 
to the terms and conditions of the Intel Program License 
Subscription Agreement, the Intel Quartus Prime License Agreement,
the Intel FPGA IP License Agreement, or other applicable license
agreement, including, without limitation, that your use is for
the sole purpose of programming logic devices manufactured by
Intel and sold by Intel or its authorized distributors.  Please
refer to the applicable agreement for further details.



+----------------------------------------------------------------------------------+
; Flow Summary                                                                     ;
+------------------------------------+---------------------------------------------+
; Flow Status                        ; Successful - Wed Jun 19 02:44:31 2019       ;
; Quartus Prime Version              ; 18.1.0 Build 625 09/12/2018 SJ Lite Edition ;
; Revision Name                      ; top_processor                               ;
; Top-level Entity Name              ; top_processor                               ;
; Family                             ; Cyclone IV E                                ;
; Device                             ; EP4CE115F29C7                               ;
; Timing Models                      ; Final                                       ;
; Total logic elements               ; 3,018 / 114,480 ( 3 % )                     ;
;     Total combinational functions  ; 2,977 / 114,480 ( 3 % )                     ;
;     Dedicated logic registers      ; 561 / 114,480 ( < 1 % )                     ;
; Total registers                    ; 561                                         ;
; Total pins                         ; 7 / 529 ( 1 % )                             ;
; Total virtual pins                 ; 0                                           ;
; Total memory bits                  ; 2,164,288 / 3,981,312 ( 54 % )              ;
; Embedded Multiplier 9-bit elements ; 6 / 532 ( 1 % )                             ;
; Total PLLs                         ; 0 / 4 ( 0 % )                               ;
+------------------------------------+---------------------------------------------+


+-----------------------------------------+
; Flow Settings                           ;
+-------------------+---------------------+
; Option            ; Setting             ;
+-------------------+---------------------+
; Start date & time ; 06/19/2019 02:35:52 ;
; Main task         ; Compilation         ;
; Revision Name     ; top_processor       ;
+-------------------+---------------------+


+-------------------------------------------------------------------------------------------------------------------------+
; Flow Non-Default Global Settings                                                                                        ;
+-------------------------------------+----------------------------------------+---------------+-------------+------------+
; Assignment Name                     ; Value                                  ; Default Value ; Entity Name ; Section Id ;
+-------------------------------------+----------------------------------------+---------------+-------------+------------+
; COMPILER_SIGNATURE_ID               ; 123532111109182.156089195211004        ; --            ; --          ; --         ;
; MAX_CORE_JUNCTION_TEMP              ; 85                                     ; --            ; --          ; --         ;
; MIN_CORE_JUNCTION_TEMP              ; 0                                      ; --            ; --          ; --         ;
; MISC_FILE                           ; dram.bsf                               ; --            ; --          ; --         ;
; MISC_FILE                           ; dram_inst.v                            ; --            ; --          ; --         ;
; MISC_FILE                           ; dram_bb.v                              ; --            ; --          ; --         ;
; MISC_FILE                           ; dram.inc                               ; --            ; --          ; --         ;
; MISC_FILE                           ; dram.cmp                               ; --            ; --          ; --         ;
; MISC_FILE                           ; C_ram_bb.v                             ; --            ; --          ; --         ;
; PARTITION_COLOR                     ; -- (Not supported for targeted family) ; --            ; --          ; Top        ;
; PARTITION_FITTER_PRESERVATION_LEVEL ; -- (Not supported for targeted family) ; --            ; --          ; Top        ;
; PARTITION_NETLIST_TYPE              ; -- (Not supported for targeted family) ; --            ; --          ; Top        ;
; POWER_BOARD_THERMAL_MODEL           ; None (CONSERVATIVE)                    ; --            ; --          ; --         ;
; POWER_PRESET_COOLING_SOLUTION       ; 23 MM HEAT SINK WITH 200 LFPM AIRFLOW  ; --            ; --          ; --         ;
; SMART_RECOMPILE                     ; On                                     ; Off           ; --          ; --         ;
+-------------------------------------+----------------------------------------+---------------+-------------+------------+


+--------------------------------------------------------------------------------------------------------------------------+
; Flow Elapsed Time                                                                                                        ;
+----------------------+--------------+-------------------------+---------------------+------------------------------------+
; Module Name          ; Elapsed Time ; Average Processors Used ; Peak Virtual Memory ; Total CPU Time (on all processors) ;
+----------------------+--------------+-------------------------+---------------------+------------------------------------+
; Analysis & Synthesis ; 00:01:01     ; 1.0                     ; 4931 MB             ; 00:01:42                           ;
; Fitter               ; 00:00:34     ; 1.0                     ; 5438 MB             ; 00:00:47                           ;
; Assembler            ; 00:00:07     ; 1.0                     ; 4729 MB             ; 00:00:06                           ;
; Timing Analyzer      ; 00:00:06     ; 1.3                     ; 4884 MB             ; 00:00:07                           ;
; MIF/HEX Update       ; 00:00:07     ; 1.0                     ; 4861 MB             ; 00:00:07                           ;
; Assembler            ; 00:00:07     ; 1.0                     ; 4727 MB             ; 00:00:07                           ;
; MIF/HEX Update       ; 00:00:08     ; 1.0                     ; 4861 MB             ; 00:00:08                           ;
; Assembler            ; 00:00:07     ; 1.0                     ; 4727 MB             ; 00:00:07                           ;
; MIF/HEX Update       ; 00:00:08     ; 1.0                     ; 4861 MB             ; 00:00:08                           ;
; Assembler            ; 00:00:08     ; 1.0                     ; 4727 MB             ; 00:00:07                           ;
; Total                ; 00:02:33     ; --                      ; --                  ; 00:03:26                           ;
+----------------------+--------------+-------------------------+---------------------+------------------------------------+


+------------------------------------------------------------------------------------+
; Flow OS Summary                                                                    ;
+----------------------+------------------+------------+------------+----------------+
; Module Name          ; Machine Hostname ; OS Name    ; OS Version ; Processor type ;
+----------------------+------------------+------------+------------+----------------+
; Analysis & Synthesis ; DESKTOP-43T6CQ6  ; Windows 10 ; 10.0       ; x86_64         ;
; Fitter               ; DESKTOP-43T6CQ6  ; Windows 10 ; 10.0       ; x86_64         ;
; Assembler            ; DESKTOP-43T6CQ6  ; Windows 10 ; 10.0       ; x86_64         ;
; Timing Analyzer      ; DESKTOP-43T6CQ6  ; Windows 10 ; 10.0       ; x86_64         ;
; MIF/HEX Update       ; DESKTOP-43T6CQ6  ; Windows 10 ; 10.0       ; x86_64         ;
; Assembler            ; DESKTOP-43T6CQ6  ; Windows 10 ; 10.0       ; x86_64         ;
; MIF/HEX Update       ; DESKTOP-43T6CQ6  ; Windows 10 ; 10.0       ; x86_64         ;
; Assembler            ; DESKTOP-43T6CQ6  ; Windows 10 ; 10.0       ; x86_64         ;
; MIF/HEX Update       ; DESKTOP-43T6CQ6  ; Windows 10 ; 10.0       ; x86_64         ;
; Assembler            ; DESKTOP-43T6CQ6  ; Windows 10 ; 10.0       ; x86_64         ;
+----------------------+------------------+------------+------------+----------------+


------------
; Flow Log ;
------------
quartus_map --read_settings_files=on --write_settings_files=off top_processor -c top_processor
quartus_fit --read_settings_files=off --write_settings_files=off top_processor -c top_processor
quartus_asm --read_settings_files=off --write_settings_files=off top_processor -c top_processor
quartus_sta top_processor -c top_processor
quartus_cdb top_processor -c top_processor --update_mif
quartus_asm --read_settings_files=on --write_settings_files=off top_processor -c top_processor
quartus_cdb top_processor -c top_processor --update_mif
quartus_asm --read_settings_files=on --write_settings_files=off top_processor -c top_processor
quartus_cdb top_processor -c top_processor --update_mif
quartus_asm --read_settings_files=on --write_settings_files=off top_processor -c top_processor



